<?xml version="1.0" encoding="UTF-8"?>
<!-- Generated by org.testng.reporters.JUnitXMLReporter -->
<testsuite ignored="2" hostname="sanketlaptop-Latitude-3520" failures="1" tests="1" name="Add Customer Test1" time="0.141" errors="0" timestamp="2023-04-17T00:23:32 IST">
  <testcase classname="com.myproj.testcases.AddCustomerTest" name="addCustomer" time="0.05">
    <failure type="java.lang.IllegalArgumentException" message="Cannot find elements when the selector is null">
      <![CDATA[java.lang.IllegalArgumentException: Cannot find elements when the selector is null
at org.openqa.selenium.internal.Require$ArgumentChecker.nonNull(Require.java:207)
at org.openqa.selenium.By$ByCssSelector.<init>(By.java:329)
at org.openqa.selenium.By.cssSelector(By.java:112)
at com.myproj.testcases.AddCustomerTest.addCustomer(AddCustomerTest.java:17)
at java.base/java.util.ArrayList.forEach(ArrayList.java:1511)
at java.base/java.util.concurrent.FutureTask.run(FutureTask.java:264)
at java.base/java.util.concurrent.ThreadPoolExecutor.runWorker(ThreadPoolExecutor.java:1136)
at java.base/java.util.concurrent.ThreadPoolExecutor$Worker.run(ThreadPoolExecutor.java:635)
at java.base/java.lang.Thread.run(Thread.java:833)
... Removed 17 stack frames]]>
    </failure>
  </testcase> <!-- addCustomer -->
  <testcase classname="com.myproj.base.TestBase" name="@AfterSuite tearDown" time="0.0">
    <ignored/>
  </testcase> <!-- @AfterSuite tearDown -->
  <testcase classname="com.myproj.base.TestBase" name="@BeforeSuite setUp" time="0.0">
    <ignored/>
  </testcase> <!-- @BeforeSuite setUp -->
</testsuite> <!-- Add Customer Test1 -->
